<?xml version="1.0" encoding="UTF-8"?>
<testsuite name="com.example.account.service.AccountServiceTest" tests="1" skipped="0" failures="0" errors="0" timestamp="2024-10-16T10:37:21" hostname="DESKTOP-RP5SU1O" time="6.087">
  <properties/>
  <testcase name="계좌 조회 실패 - 음수로 조회" classname="com.example.account.service.AccountServiceTest" time="6.087"/>
  <system-out><![CDATA[]]></system-out>
  <system-err><![CDATA[]]></system-err>
</testsuite>
